android/app/build/intermediates/manifest_merge_blame_file/debug/manifest-merger-blame-debug-report.txt
1<?xml version="1.0" encoding="utf-8"?>
2<manifest xmlns:android="http://schemas.android.com/apk/res/android"
3    package="com.solucardz_native"
4    android:versionCode="1"
5    android:versionName="1.0" >
6
7    <uses-sdk
8        android:minSdkVersion="16"
9        android:targetSdkVersion="28" />
10
11    <uses-permission android:name="android.permission.SYSTEM_ALERT_WINDOW" />
11-->src\debug\AndroidManifest.xml:5:5-77
11-->src\debug\AndroidManifest.xml:5:22-75
12    <uses-permission android:name="android.permission.CAMERA" />
12-->src\main\AndroidManifest.xml:5:5-65
12-->src\main\AndroidManifest.xml:5:22-62
13    <uses-permission android:name="android.permission.WRITE_EXTERNAL_STORAGE" />
13-->src\main\AndroidManifest.xml:6:5-80
13-->src\main\AndroidManifest.xml:6:22-78
14    <uses-permission android:name="android.permission.INTERNET" />
14-->src\main\AndroidManifest.xml:4:5-67
14-->src\main\AndroidManifest.xml:4:22-64
15
16    <application
16-->src\main\AndroidManifest.xml:8:5-26:19
17        android:name="com.solucardz_native.MainApplication"
17-->src\main\AndroidManifest.xml:9:7-38
18        android:allowBackup="false"
18-->src\main\AndroidManifest.xml:13:7-34
19        android:appComponentFactory="androidx.core.app.CoreComponentFactory"
19-->[androidx.core:core:1.0.1] AndroidManifest.xml:22:18-86
20        android:debuggable="true"
21        android:icon="@mipmap/ic_launcher"
21-->src\main\AndroidManifest.xml:11:7-41
22        android:label="@string/app_name"
22-->src\main\AndroidManifest.xml:10:7-39
23        android:roundIcon="@mipmap/ic_launcher_round"
23-->src\main\AndroidManifest.xml:12:7-52
24        android:theme="@style/AppTheme"
24-->src\main\AndroidManifest.xml:14:7-38
25        android:usesCleartextTraffic="true" >
25-->src\debug\AndroidManifest.xml:9:18-53
26        <activity
26-->src\main\AndroidManifest.xml:15:7-24:18
27            android:name="com.solucardz_native.MainActivity"
27-->src\main\AndroidManifest.xml:16:9-37
28            android:configChanges="keyboard|keyboardHidden|orientation|screenSize"
28-->src\main\AndroidManifest.xml:18:9-79
29            android:label="@string/app_name"
29-->src\main\AndroidManifest.xml:17:9-41
30            android:windowSoftInputMode="adjustResize" >
30-->src\main\AndroidManifest.xml:19:9-51
31            <intent-filter>
31-->src\main\AndroidManifest.xml:20:9-23:25
32                <action android:name="android.intent.action.MAIN" />
32-->src\main\AndroidManifest.xml:21:13-65
32-->src\main\AndroidManifest.xml:21:21-62
33
34                <category android:name="android.intent.category.LAUNCHER" />
34-->src\main\AndroidManifest.xml:22:13-73
34-->src\main\AndroidManifest.xml:22:23-70
35            </intent-filter>
36        </activity>
37        <activity android:name="com.facebook.react.devsupport.DevSettingsActivity" />
37-->src\main\AndroidManifest.xml:25:7-84
37-->src\main\AndroidManifest.xml:25:17-81
38
39        <provider
39-->[:react-native-image-picker] AndroidManifest.xml:10:9-18:20
40            android:name="com.imagepicker.FileProvider"
40-->[:react-native-image-picker] AndroidManifest.xml:11:13-56
41            android:authorities="com.solucardz_native.provider"
41-->[:react-native-image-picker] AndroidManifest.xml:12:13-60
42            android:exported="false"
42-->[:react-native-image-picker] AndroidManifest.xml:13:13-37
43            android:grantUriPermissions="true" >
43-->[:react-native-image-picker] AndroidManifest.xml:14:13-47
44            <meta-data
44-->[:react-native-image-picker] AndroidManifest.xml:15:13-17:58
45                android:name="android.support.FILE_PROVIDER_PATHS"
45-->[:react-native-image-picker] AndroidManifest.xml:16:17-67
46                android:resource="@xml/provider_paths" />
46-->[:react-native-image-picker] AndroidManifest.xml:17:17-55
47        </provider>
48    </application>
49
50</manifest>